<?xml version="1.0" encoding="UTF-8"?>
<!-- Generated by org.testng.reporters.JUnitXMLReporter -->
<testsuite hostname="DESKTOP-GANESH" ignored="0" name="Default test" tests="3" failures="0" timestamp="2019-09-04T10:14:39 IST" time="62.357" errors="0">
  <testcase name="Login_URL" time="50.717" classname="Sample1.Sample1.FB_Login_Test"/>
  <testcase name="Manage_group" time="2.472" classname="Sample1.Sample1.FB_Login_Test"/>
  <testcase name="logout" time="4.874" classname="Sample1.Sample1.FB_Login_Test"/>
</testsuite> <!-- Default test -->
